app/build/outputs/logs/manifest-merger-release-report.txt
-- Merging decision tree log ---
manifest
ADDED from src\main\AndroidManifest.xml:2:1-35:12
	package
		ADDED from src\main\AndroidManifest.xml:3:5-39
		INJECTED from src\main\AndroidManifest.xml
		INJECTED from src\main\AndroidManifest.xml
	android:versionName
		ADDED from src\main\AndroidManifest.xml:5:5-30
	android:versionCode
		ADDED from src\main\AndroidManifest.xml:4:5-28
		INJECTED from src\main\AndroidManifest.xml
		INJECTED from src\main\AndroidManifest.xml
	xmlns:android
		ADDED from src\main\AndroidManifest.xml:2:11-69
uses-sdk
ADDED from src\main\AndroidManifest.xml:7:5-9:41
	android:targetSdkVersion
		ADDED from src\main\AndroidManifest.xml:9:9-38
		INJECTED from src\main\AndroidManifest.xml
		INJECTED from src\main\AndroidManifest.xml
	android:minSdkVersion
		ADDED from src\main\AndroidManifest.xml:8:9-34
		INJECTED from src\main\AndroidManifest.xml
		INJECTED from src\main\AndroidManifest.xml
application
ADDED from src\main\AndroidManifest.xml:11:5-33:22
	android:label
		ADDED from src\main\AndroidManifest.xml:14:9-53
	android:allowBackup
		ADDED from src\main\AndroidManifest.xml:12:9-35
	android:icon
		ADDED from src\main\AndroidManifest.xml:13:9-45
	android:theme
		ADDED from src\main\AndroidManifest.xml:15:9-40
activity#com.example.kuncilyrics2.SplashScreen
ADDED from src\main\AndroidManifest.xml:16:9-25:20
	android:label
		ADDED from src\main\AndroidManifest.xml:18:13-57
	android:theme
		ADDED from src\main\AndroidManifest.xml:19:13-77
	android:name
		ADDED from src\main\AndroidManifest.xml:17:13-65
intent-filter#android.intent.action.MAIN+android.intent.category.LAUNCHER
ADDED from src\main\AndroidManifest.xml:20:13-24:29
action#android.intent.action.MAIN
ADDED from src\main\AndroidManifest.xml:21:17-69
	android:name
		ADDED from src\main\AndroidManifest.xml:21:25-66
category#android.intent.category.LAUNCHER
ADDED from src\main\AndroidManifest.xml:23:17-77
	android:name
		ADDED from src\main\AndroidManifest.xml:23:27-74
activity#com.example.kuncilyrics2.MainActivity
ADDED from src\main\AndroidManifest.xml:27:9-103
	android:label
		ADDED from src\main\AndroidManifest.xml:27:47-91
	android:name
		ADDED from src\main\AndroidManifest.xml:27:19-46
activity#com.example.kuncilyrics2.MenuTabs
ADDED from src\main\AndroidManifest.xml:28:9-81
	android:label
		ADDED from src\main\AndroidManifest.xml:28:43-69
	android:name
		ADDED from src\main\AndroidManifest.xml:28:19-42
activity#com.example.kuncilyrics2.LaguBaru
ADDED from src\main\AndroidManifest.xml:29:9-54
	android:name
		ADDED from src\main\AndroidManifest.xml:29:19-42
activity#com.example.kuncilyrics2.LaguIndo
ADDED from src\main\AndroidManifest.xml:30:9-54
	android:name
		ADDED from src\main\AndroidManifest.xml:30:19-42
activity#com.example.kuncilyrics2.CordLaguBaru
ADDED from src\main\AndroidManifest.xml:31:9-58
	android:name
		ADDED from src\main\AndroidManifest.xml:31:19-46
activity#com.example.kuncilyrics2.CordLaguIndo
ADDED from src\main\AndroidManifest.xml:32:9-58
	android:name
		ADDED from src\main\AndroidManifest.xml:32:19-46